2023-09-14 04:48:32,873 INFO o.a.j.u.JMeterUtils: Setting Locale to ru_RU
2023-09-14 04:48:32,920 ERROR o.a.j.u.JMeterUtils: Could not find resources for 'ru_RU'
2023-09-14 04:48:32,920 INFO o.a.j.JMeter: Loading user properties from: user.properties
2023-09-14 04:48:32,921 INFO o.a.j.JMeter: Loading system properties from: system.properties
2023-09-14 04:48:32,931 INFO o.a.j.JMeter: Copyright (c) 1998-2022 The Apache Software Foundation
2023-09-14 04:48:32,931 INFO o.a.j.JMeter: Version 5.5
2023-09-14 04:48:32,931 INFO o.a.j.JMeter: java.version=11.0.20.1
2023-09-14 04:48:32,931 INFO o.a.j.JMeter: java.vm.name=OpenJDK 64-Bit Server VM
2023-09-14 04:48:32,931 INFO o.a.j.JMeter: os.name=Mac OS X
2023-09-14 04:48:32,931 INFO o.a.j.JMeter: os.arch=x86_64
2023-09-14 04:48:32,931 INFO o.a.j.JMeter: os.version=11.7.2
2023-09-14 04:48:32,932 INFO o.a.j.JMeter: file.encoding=UTF-8
2023-09-14 04:48:32,932 INFO o.a.j.JMeter: java.awt.headless=null
2023-09-14 04:48:32,932 INFO o.a.j.JMeter: Max memory     =2147483648
2023-09-14 04:48:32,932 INFO o.a.j.JMeter: Available Processors =4
2023-09-14 04:48:32,945 INFO o.a.j.JMeter: Default Locale=русский (Россия)
2023-09-14 04:48:32,946 INFO o.a.j.JMeter: JMeter  Locale=русский (Россия)
2023-09-14 04:48:32,946 INFO o.a.j.JMeter: JMeterHome=/Users/lidiakarandasova/Downloads/apache-jmeter-5.5
2023-09-14 04:48:32,946 INFO o.a.j.JMeter: user.dir  =/Users/lidiakarandasova/Downloads/apache-jmeter-5.5/bin
2023-09-14 04:48:32,946 INFO o.a.j.JMeter: PWD       =/Users/lidiakarandasova/Downloads/apache-jmeter-5.5/bin
2023-09-14 04:48:32,949 INFO o.a.j.JMeter: IP: 127.0.0.1 Name: Lidias-MacBook-Pro.local FullName: localhost
2023-09-14 04:48:32,977 INFO o.a.j.JMeter: Loaded icon properties from org/apache/jmeter/images/icon.properties
2023-09-14 04:48:33,791 INFO o.a.j.JMeterGuiLauncher: Setting LAF to: com.github.weisj.darklaf.DarkLaf:com.github.weisj.darklaf.theme.DarculaTheme
2023-09-14 04:48:37,579 INFO o.j.r.JARSourceHTTP: Found cached repo
2023-09-14 04:48:37,883 INFO o.j.r.PluginManager: Plugins Status: [jpgc-casutg=2.10, jpgc-plugins-manager=1.10, jmeter-core=5.5, jmeter-ftp=5.5, jmeter-http=5.5, jmeter-jdbc=5.5, jmeter-jms=5.5, jmeter-junit=5.5, jmeter-java=5.5, jmeter-ldap=5.5, jmeter-mail=5.5, jmeter-mongodb=5.5, jmeter-native=5.5, jmeter-tcp=5.5, jmeter-components=5.5]
2023-09-14 04:48:45,019 INFO o.a.j.s.FileServer: Default base='/Users/lidiakarandasova/Downloads/apache-jmeter-5.5/bin'
2023-09-14 04:48:45,023 INFO o.a.j.g.a.Load: Loading file: /Users/lidiakarandasova/Downloads/apache-jmeter-5.5/bin/Test Plan.jmx
2023-09-14 04:48:45,023 INFO o.a.j.s.FileServer: Set new base='/Users/lidiakarandasova/Downloads/apache-jmeter-5.5/bin'
2023-09-14 04:48:45,362 INFO o.a.j.s.SaveService: Testplan (JMX) version: 2.2. Testlog (JTL) version: 2.2
2023-09-14 04:48:45,379 INFO o.a.j.s.SaveService: Using SaveService properties version 5.0
2023-09-14 04:48:45,381 INFO o.a.j.s.SaveService: Using SaveService properties file encoding UTF-8
2023-09-14 04:48:45,382 INFO o.a.j.s.SaveService: Loading file: /Users/lidiakarandasova/Downloads/apache-jmeter-5.5/bin/Test Plan.jmx
2023-09-14 04:48:45,657 INFO o.a.j.p.h.s.HTTPSamplerBase: Parser for text/html is org.apache.jmeter.protocol.http.parser.LagartoBasedHtmlParser
2023-09-14 04:48:45,657 INFO o.a.j.p.h.s.HTTPSamplerBase: Parser for application/xhtml+xml is org.apache.jmeter.protocol.http.parser.LagartoBasedHtmlParser
2023-09-14 04:48:45,657 INFO o.a.j.p.h.s.HTTPSamplerBase: Parser for application/xml is org.apache.jmeter.protocol.http.parser.LagartoBasedHtmlParser
2023-09-14 04:48:45,657 INFO o.a.j.p.h.s.HTTPSamplerBase: Parser for text/xml is org.apache.jmeter.protocol.http.parser.LagartoBasedHtmlParser
2023-09-14 04:48:45,657 INFO o.a.j.p.h.s.HTTPSamplerBase: Parser for text/vnd.wap.wml is org.apache.jmeter.protocol.http.parser.RegexpHTMLParser
2023-09-14 04:48:45,657 INFO o.a.j.p.h.s.HTTPSamplerBase: Parser for text/css is org.apache.jmeter.protocol.http.parser.CssParser
2023-09-14 04:48:46,175 INFO o.a.j.e.u.CompoundVariable: Note: Function class names must contain the string: '.functions.'
2023-09-14 04:48:46,176 INFO o.a.j.e.u.CompoundVariable: Note: Function class names must not contain the string: '.gui.'
2023-09-14 04:48:47,078 INFO o.a.j.s.SampleResult: Note: Sample TimeStamps are START times
2023-09-14 04:48:47,079 INFO o.a.j.s.SampleResult: sampleresult.default.encoding is set to ISO-8859-1
2023-09-14 04:48:47,079 INFO o.a.j.s.SampleResult: sampleresult.useNanoTime=true
2023-09-14 04:48:47,079 INFO o.a.j.s.SampleResult: sampleresult.nanoThreadSleep=5000
2023-09-14 04:48:47,405 INFO o.a.j.v.ViewResultsFullVisualizer: Add JavaFX to your Java installation if you want to use renderer: org.apache.jmeter.visualizers.RenderInBrowser
2023-09-14 04:48:47,545 INFO o.a.j.s.FileServer: Set new base='/Users/lidiakarandasova/Downloads/apache-jmeter-5.5/bin'
